2026-03-01 11:48:43,081 [INFO] strategy.MACross: 策略[MACross]启动，初始资金: 1,000,000
2026-03-01 11:48:43,081 [INFO] main_signal: 正在加载历史数据...
2026-03-01 11:48:43,083 [INFO] main_signal:   贵州茅台(600519): 缓存 598 条, 2023-09-04 ~ 2026-02-27
2026-03-01 11:48:43,091 [INFO] main_signal:   宁德时代(300750): 缓存 598 条, 2023-09-04 ~ 2026-02-27
2026-03-01 11:48:43,096 [INFO] main_signal:   招商银行(600036): 缓存 598 条, 2023-09-04 ~ 2026-02-27
2026-03-01 11:48:43,101 [INFO] main_signal:   中国平安(601318): 缓存 598 条, 2023-09-04 ~ 2026-02-27
2026-03-01 11:48:43,107 [INFO] main_signal:   比亚迪(002594): 缓存 598 条, 2023-09-04 ~ 2026-02-27
2026-03-01 11:48:43,113 [INFO] main_signal:   药明康德(603259): 缓存 598 条, 2023-09-04 ~ 2026-02-27
2026-03-01 11:48:43,119 [INFO] main_signal:   海天味业(603288): 缓存 598 条, 2023-09-04 ~ 2026-02-27
2026-03-01 11:48:43,124 [INFO] main_signal:   隆基绿能(601012): 缓存 598 条, 2023-09-04 ~ 2026-02-27
2026-03-01 11:48:43,131 [INFO] main_signal:   紫金矿业(601899): 缓存 598 条, 2023-09-04 ~ 2026-02-27
2026-03-01 11:48:43,136 [INFO] main_signal:   中芯国际(688981): 缓存 592 条, 2023-09-04 ~ 2026-02-27
2026-03-01 11:48:43,142 [INFO] main_signal:   华泰证券(601688): 缓存 598 条, 2023-09-04 ~ 2026-02-27
2026-03-01 11:48:43,146 [INFO] main_signal:   美的集团(000333): 缓存 598 条, 2023-09-04 ~ 2026-02-27
2026-03-01 11:48:43,152 [INFO] main_signal:   中信证券(600030): 缓存 598 条, 2023-09-04 ~ 2026-02-27
2026-03-01 11:48:43,158 [INFO] main_signal:   恒瑞医药(600276): 缓存 598 条, 2023-09-04 ~ 2026-02-27
2026-03-01 11:48:43,162 [INFO] main_signal: 历史数据加载完成，监控 14 只股票
2026-03-01 11:48:43,162 [INFO] main_signal: 正在进行盘前区间分析...
2026-03-01 11:48:47,766 [INFO] main_signal: [区间分析] 贵州茅台(600519): NEUTRAL | 中性观望 — 趋势不明朗，等待方向确认 | 得分=1/8
2026-03-01 11:48:47,766 [INFO] main_signal: [区间分析] 宁德时代(300750): NEUTRAL | 中性观望 — 趋势不明朗，等待方向确认 | 得分=0/8
2026-03-01 11:48:47,766 [INFO] main_signal: [区间分析] 招商银行(600036): NEUTRAL | 中性观望 — 趋势不明朗，等待方向确认 | 得分=-1/8
2026-03-01 11:48:47,766 [INFO] main_signal: [区间分析] 中国平安(601318): SELL | 处于卖出区间 — 空头趋势，注意风险或止盈 | 得分=-4/8
2026-03-01 11:48:47,766 [INFO] main_signal: [区间分析] 比亚迪(002594): NEUTRAL | 中性观望 — 趋势不明朗，等待方向确认 | 得分=-1/8
2026-03-01 11:48:47,766 [INFO] main_signal: [区间分析] 药明康德(603259): NEUTRAL | 中性观望 — 趋势不明朗，等待方向确认 | 得分=0/8
2026-03-01 11:48:47,766 [INFO] main_signal: [区间分析] 海天味业(603288): SELL | 处于卖出区间 — 空头趋势，注意风险或止盈 | 得分=-5/8
2026-03-01 11:48:47,766 [INFO] main_signal: [区间分析] 隆基绿能(601012): SELL | 处于卖出区间 — 空头趋势，注意风险或止盈 | 得分=-5/8
2026-03-01 11:48:47,766 [INFO] main_signal: [区间分析] 紫金矿业(601899): NEUTRAL | 中性观望 — 趋势不明朗，等待方向确认 | 得分=1/8
2026-03-01 11:48:47,766 [INFO] main_signal: [区间分析] 中芯国际(688981): SELL | 处于卖出区间 — 空头趋势，注意风险或止盈 | 得分=-4/8
2026-03-01 11:48:47,766 [INFO] main_signal: [区间分析] 华泰证券(601688): NEUTRAL | 中性观望 — 趋势不明朗，等待方向确认 | 得分=-3/8
2026-03-01 11:48:47,766 [INFO] main_signal: [区间分析] 美的集团(000333): BUY | 处于买入区间 — 多头趋势，可关注买入机会 | 得分=5/8
2026-03-01 11:48:47,766 [INFO] main_signal: [区间分析] 中信证券(600030): SELL | 处于卖出区间 — 空头趋势，注意风险或止盈 | 得分=-5/8
2026-03-01 11:48:47,766 [INFO] main_signal: [区间分析] 恒瑞医药(600276): NEUTRAL | 中性观望 — 趋势不明朗，等待方向确认 | 得分=-1/8
2026-03-01 11:48:47,766 [INFO] main_signal: 开始信号监控循环（Ctrl+C 退出）...
2026-03-01 11:48:47,766 [INFO] main_signal: 非交易时间，休眠至下一交易时段（约 21小时36分钟）
