2026-02-28 23:45:36,111 [INFO] strategy.MACross: 策略[MACross]启动，初始资金: 1,000,000
2026-02-28 23:45:36,111 [INFO] main_signal: 正在加载历史数据...
2026-02-28 23:45:36,113 [INFO] main_signal:   贵州茅台(600519): 缓存 598 条, 2023-09-04 ~ 2026-02-27
2026-02-28 23:45:36,120 [INFO] main_signal:   宁德时代(300750): 缓存 598 条, 2023-09-04 ~ 2026-02-27
2026-02-28 23:45:36,125 [INFO] main_signal:   招商银行(600036): 缓存 598 条, 2023-09-04 ~ 2026-02-27
2026-02-28 23:45:36,131 [INFO] main_signal:   中国平安(601318): 缓存 598 条, 2023-09-04 ~ 2026-02-27
2026-02-28 23:45:36,137 [INFO] main_signal:   比亚迪(002594): 缓存 598 条, 2023-09-04 ~ 2026-02-27
2026-02-28 23:45:36,142 [INFO] main_signal:   药明康德(603259): 缓存 598 条, 2023-09-04 ~ 2026-02-27
2026-02-28 23:45:36,148 [INFO] main_signal:   海天味业(603288): 缓存 598 条, 2023-09-04 ~ 2026-02-27
2026-02-28 23:45:36,154 [INFO] main_signal:   隆基绿能(601012): 缓存 598 条, 2023-09-04 ~ 2026-02-27
2026-02-28 23:45:36,158 [INFO] main_signal: 历史数据加载完成，监控 8 只股票
2026-02-28 23:45:36,158 [INFO] main_signal: 正在进行盘前区间分析...
2026-02-28 23:45:41,795 [INFO] main_signal: [区间分析] 贵州茅台(600519): NEUTRAL | 中性观望 — 趋势不明朗，等待方向确认 | 得分=3/10
2026-02-28 23:45:41,795 [INFO] main_signal: [区间分析] 宁德时代(300750): NEUTRAL | 中性观望 — 趋势不明朗，等待方向确认 | 得分=-2/10
2026-02-28 23:45:41,795 [INFO] main_signal: [区间分析] 招商银行(600036): NEUTRAL | 中性观望 — 趋势不明朗，等待方向确认 | 得分=3/10
2026-02-28 23:45:41,795 [INFO] main_signal: [区间分析] 中国平安(601318): SELL | 处于卖出区间 — 空头趋势，注意风险或止盈 | 得分=-8/10
2026-02-28 23:45:41,795 [INFO] main_signal: [区间分析] 比亚迪(002594): NEUTRAL | 中性观望 — 趋势不明朗，等待方向确认 | 得分=-3/10
2026-02-28 23:45:41,795 [INFO] main_signal: [区间分析] 药明康德(603259): NEUTRAL | 中性观望 — 趋势不明朗，等待方向确认 | 得分=-2/10
2026-02-28 23:45:41,795 [INFO] main_signal: [区间分析] 海天味业(603288): NEUTRAL | 中性观望 — 趋势不明朗，等待方向确认 | 得分=-1/10
2026-02-28 23:45:41,795 [INFO] main_signal: [区间分析] 隆基绿能(601012): SELL | 处于卖出区间 — 空头趋势，注意风险或止盈 | 得分=-7/10
2026-02-28 23:45:41,795 [INFO] main_signal: 开始信号监控循环（Ctrl+C 退出）...
2026-02-28 23:45:41,795 [INFO] main_signal: 非交易时间，休眠至下一交易时段（约 33小时39分钟）
